c:\users\hp\documents\visual studio 2015\projects\trabajo parcial\trabajo parcial\debug\trabajo parcial.pch
c:\users\hp\documents\visual studio 2015\projects\trabajo parcial\trabajo parcial\debug\vc140.pdb
c:\users\hp\documents\visual studio 2015\projects\trabajo parcial\trabajo parcial\debug\stdafx.obj
c:\users\hp\documents\visual studio 2015\projects\trabajo parcial\trabajo parcial\debug\trabajo parcial.obj
c:\users\hp\documents\visual studio 2015\projects\trabajo parcial\trabajo parcial\debug\myform.obj
c:\users\hp\documents\visual studio 2015\projects\trabajo parcial\trabajo parcial\debug\assemblyinfo.obj
c:\users\hp\documents\visual studio 2015\projects\trabajo parcial\trabajo parcial\debug\.netframework,version=v4.5.2.assemblyattributes.obj
c:\users\hp\documents\visual studio 2015\projects\trabajo parcial\trabajo parcial\debug\.netframework,version=v4.5.2.assemblyattributes.asm
c:\users\hp\documents\visual studio 2015\projects\trabajo parcial\trabajo parcial\debug\menú.obj
c:\users\hp\documents\visual studio 2015\projects\trabajo parcial\trabajo parcial\debug\app.res
c:\users\hp\documents\visual studio 2015\projects\trabajo parcial\trabajo parcial\debug\trabajoparcial.myform.resources
c:\users\hp\documents\visual studio 2015\projects\trabajo parcial\trabajo parcial\debug\trabajoparcial.menú.resources
c:\users\hp\documents\visual studio 2015\projects\trabajo parcial\trabajo parcial\debug\trabajo parcial.vcxproj.generateresource.cache
c:\users\hp\documents\visual studio 2015\projects\trabajo parcial\trabajo parcial\debug\trabajo parcial.vcxprojresolveassemblyreference.cache
c:\users\hp\documents\visual studio 2015\projects\trabajo parcial\debug\trabajo parcial.pdb
c:\users\hp\documents\visual studio 2015\projects\trabajo parcial\trabajo parcial\debug\trabajo parcial.tlog\cl.command.1.tlog
c:\users\hp\documents\visual studio 2015\projects\trabajo parcial\trabajo parcial\debug\trabajo parcial.tlog\cl.read.1.tlog
c:\users\hp\documents\visual studio 2015\projects\trabajo parcial\trabajo parcial\debug\trabajo parcial.tlog\cl.write.1.tlog
c:\users\hp\documents\visual studio 2015\projects\trabajo parcial\trabajo parcial\debug\trabajo parcial.tlog\link.10452-cvtres.read.1.tlog
c:\users\hp\documents\visual studio 2015\projects\trabajo parcial\trabajo parcial\debug\trabajo parcial.tlog\link.10452-cvtres.write.1.tlog
c:\users\hp\documents\visual studio 2015\projects\trabajo parcial\trabajo parcial\debug\trabajo parcial.tlog\link.10452-rc.read.1.tlog
c:\users\hp\documents\visual studio 2015\projects\trabajo parcial\trabajo parcial\debug\trabajo parcial.tlog\link.10452-rc.write.1.tlog
c:\users\hp\documents\visual studio 2015\projects\trabajo parcial\trabajo parcial\debug\trabajo parcial.tlog\link.10452.read.1.tlog
c:\users\hp\documents\visual studio 2015\projects\trabajo parcial\trabajo parcial\debug\trabajo parcial.tlog\link.10452.write.1.tlog
c:\users\hp\documents\visual studio 2015\projects\trabajo parcial\trabajo parcial\debug\trabajo parcial.tlog\link.10928-cvtres.read.1.tlog
c:\users\hp\documents\visual studio 2015\projects\trabajo parcial\trabajo parcial\debug\trabajo parcial.tlog\link.10928-cvtres.write.1.tlog
c:\users\hp\documents\visual studio 2015\projects\trabajo parcial\trabajo parcial\debug\trabajo parcial.tlog\link.10928-rc.read.1.tlog
c:\users\hp\documents\visual studio 2015\projects\trabajo parcial\trabajo parcial\debug\trabajo parcial.tlog\link.10928-rc.write.1.tlog
c:\users\hp\documents\visual studio 2015\projects\trabajo parcial\trabajo parcial\debug\trabajo parcial.tlog\link.10928.read.1.tlog
c:\users\hp\documents\visual studio 2015\projects\trabajo parcial\trabajo parcial\debug\trabajo parcial.tlog\link.10928.write.1.tlog
c:\users\hp\documents\visual studio 2015\projects\trabajo parcial\trabajo parcial\debug\trabajo parcial.tlog\link.8868-cvtres.read.1.tlog
c:\users\hp\documents\visual studio 2015\projects\trabajo parcial\trabajo parcial\debug\trabajo parcial.tlog\link.8868-cvtres.write.1.tlog
c:\users\hp\documents\visual studio 2015\projects\trabajo parcial\trabajo parcial\debug\trabajo parcial.tlog\link.8868-rc.read.1.tlog
c:\users\hp\documents\visual studio 2015\projects\trabajo parcial\trabajo parcial\debug\trabajo parcial.tlog\link.8868-rc.write.1.tlog
c:\users\hp\documents\visual studio 2015\projects\trabajo parcial\trabajo parcial\debug\trabajo parcial.tlog\link.8868.read.1.tlog
c:\users\hp\documents\visual studio 2015\projects\trabajo parcial\trabajo parcial\debug\trabajo parcial.tlog\link.8868.write.1.tlog
c:\users\hp\documents\visual studio 2015\projects\trabajo parcial\trabajo parcial\debug\trabajo parcial.tlog\link.9508-cvtres.read.1.tlog
c:\users\hp\documents\visual studio 2015\projects\trabajo parcial\trabajo parcial\debug\trabajo parcial.tlog\link.9508-cvtres.write.1.tlog
c:\users\hp\documents\visual studio 2015\projects\trabajo parcial\trabajo parcial\debug\trabajo parcial.tlog\link.9508-rc.read.1.tlog
c:\users\hp\documents\visual studio 2015\projects\trabajo parcial\trabajo parcial\debug\trabajo parcial.tlog\link.9508-rc.write.1.tlog
c:\users\hp\documents\visual studio 2015\projects\trabajo parcial\trabajo parcial\debug\trabajo parcial.tlog\link.9508.read.1.tlog
c:\users\hp\documents\visual studio 2015\projects\trabajo parcial\trabajo parcial\debug\trabajo parcial.tlog\link.9508.write.1.tlog
c:\users\hp\documents\visual studio 2015\projects\trabajo parcial\trabajo parcial\debug\trabajo parcial.tlog\link.9916-cvtres.read.1.tlog
c:\users\hp\documents\visual studio 2015\projects\trabajo parcial\trabajo parcial\debug\trabajo parcial.tlog\link.9916-cvtres.write.1.tlog
c:\users\hp\documents\visual studio 2015\projects\trabajo parcial\trabajo parcial\debug\trabajo parcial.tlog\link.9916-rc.read.1.tlog
c:\users\hp\documents\visual studio 2015\projects\trabajo parcial\trabajo parcial\debug\trabajo parcial.tlog\link.9916-rc.write.1.tlog
c:\users\hp\documents\visual studio 2015\projects\trabajo parcial\trabajo parcial\debug\trabajo parcial.tlog\link.9916.read.1.tlog
c:\users\hp\documents\visual studio 2015\projects\trabajo parcial\trabajo parcial\debug\trabajo parcial.tlog\link.9916.write.1.tlog
c:\users\hp\documents\visual studio 2015\projects\trabajo parcial\trabajo parcial\debug\trabajo parcial.tlog\link.command.1.tlog
c:\users\hp\documents\visual studio 2015\projects\trabajo parcial\trabajo parcial\debug\trabajo parcial.tlog\link.read.1.tlog
c:\users\hp\documents\visual studio 2015\projects\trabajo parcial\trabajo parcial\debug\trabajo parcial.tlog\link.write.1.tlog
c:\users\hp\documents\visual studio 2015\projects\trabajo parcial\trabajo parcial\debug\trabajo parcial.tlog\metagen.read.1.tlog
c:\users\hp\documents\visual studio 2015\projects\trabajo parcial\trabajo parcial\debug\trabajo parcial.tlog\metagen.write.1.tlog
c:\users\hp\documents\visual studio 2015\projects\trabajo parcial\trabajo parcial\debug\trabajo parcial.tlog\rc.command.1.tlog
c:\users\hp\documents\visual studio 2015\projects\trabajo parcial\trabajo parcial\debug\trabajo parcial.tlog\rc.read.1.tlog
c:\users\hp\documents\visual studio 2015\projects\trabajo parcial\trabajo parcial\debug\trabajo parcial.tlog\rc.write.1.tlog
c:\users\hp\documents\visual studio 2015\projects\trabajo parcial\trabajo parcial\debug\trabajo parcial.tlog\trabajo parcial.write.1u.tlog
c:\users\hp\documents\visual studio 2015\projects\trabajo parcial\trabajo parcial\debug\trabajo parcial.tlog\tzres.dll.bi
